[2025-05-08 22:26:57] Starting log cleaning...
[2025-05-08 22:26:57] Deleted /var/log/cloud-init.log
[2025-05-08 22:26:57] Deleted /var/log/cloud-init-output.log
[2025-05-08 22:26:57] Deleted /var/log/nginx/access.log
[2025-05-08 22:26:57] Deleted /var/log/letsencrypt/letsencrypt.log
[2025-05-08 22:26:57] Cleaning /tmp and /var/tmp...
[2025-05-08 22:26:57] Log cleaning completed.
[2025-05-08 23:30:25] Starting log cleaning...
[2025-05-08 23:30:25] Cleaning /tmp and /var/tmp...
[2025-05-08 23:30:25] Log cleaning completed.
[2025-05-09 04:00:01] Starting log cleaning...
[2025-05-09 04:00:01] Cleaning /tmp and /var/tmp...
[2025-05-09 04:00:01] Log cleaning completed.
[2025-05-10 04:00:01] Starting log cleaning...
[2025-05-10 04:00:01] Cleaning /tmp and /var/tmp...
[2025-05-10 04:00:01] Log cleaning completed.
[2025-05-11 04:00:01] Starting log cleaning...
[2025-05-11 04:00:01] Cleaning /tmp and /var/tmp...
[2025-05-11 04:00:01] Log cleaning completed.
[2025-05-12 04:00:01] Starting log cleaning...
[2025-05-12 04:00:01] Cleaning /tmp and /var/tmp...
[2025-05-12 04:00:01] Log cleaning completed.
[2025-05-13 04:00:01] Starting log cleaning...
[2025-05-13 04:00:01] Cleaning /tmp and /var/tmp...
[2025-05-13 04:00:01] Log cleaning completed.
[2025-05-14 04:00:01] Starting log cleaning...
[2025-05-14 04:00:01] Cleaning /tmp and /var/tmp...
[2025-05-14 04:00:01] Log cleaning completed.
