[2025-05-08 22:20:23] httpd is running.
[2025-05-08 22:20:23] mysql is down. Restarting...
[2025-05-08 22:20:23] Failed to restart mysql.
[2025-05-08 22:20:23] sshd is running.
[2025-05-08 22:20:23] redis is down. Restarting...
[2025-05-08 22:20:23] Failed to restart redis.
[2025-05-08 22:20:23] fail2ban is down. Restarting...
[2025-05-08 22:20:23] Failed to restart fail2ban.
[2025-05-08 22:24:00] sshd is running.
[2025-05-08 22:24:00] httpd is running.
[2025-05-08 22:24:00] docker is running.
[2025-05-08 22:24:00] amazon-ssm-agent is running.
[2025-05-08 22:24:00] postfix is running.
[2025-05-08 22:24:00] crond is running.
[2025-05-08 22:24:00] auditd is running.
[2025-05-08 22:24:00] rsyslog is running.
[2025-05-09 05:00:01] sshd is running.
[2025-05-09 05:00:01] httpd is running.
[2025-05-09 05:00:01] docker is running.
[2025-05-09 05:00:01] amazon-ssm-agent is running.
[2025-05-09 05:00:02] postfix is running.
[2025-05-09 05:00:02] crond is running.
[2025-05-09 05:00:02] auditd is running.
[2025-05-09 05:00:02] rsyslog is running.
[2025-05-10 05:00:01] sshd is running.
[2025-05-10 05:00:01] httpd is running.
[2025-05-10 05:00:01] docker is running.
[2025-05-10 05:00:01] amazon-ssm-agent is running.
[2025-05-10 05:00:01] postfix is running.
[2025-05-10 05:00:01] crond is running.
[2025-05-10 05:00:01] auditd is running.
[2025-05-10 05:00:01] rsyslog is running.
[2025-05-11 05:00:01] sshd is running.
[2025-05-11 05:00:01] httpd is running.
[2025-05-11 05:00:01] docker is running.
[2025-05-11 05:00:01] amazon-ssm-agent is running.
[2025-05-11 05:00:01] postfix is running.
[2025-05-11 05:00:01] crond is running.
[2025-05-11 05:00:01] auditd is running.
[2025-05-11 05:00:01] rsyslog is running.
[2025-05-12 05:00:01] sshd is running.
[2025-05-12 05:00:01] httpd is running.
[2025-05-12 05:00:01] docker is running.
[2025-05-12 05:00:01] amazon-ssm-agent is running.
[2025-05-12 05:00:01] postfix is running.
[2025-05-12 05:00:01] crond is running.
[2025-05-12 05:00:01] auditd is running.
[2025-05-12 05:00:02] rsyslog is running.
[2025-05-13 05:00:01] sshd is running.
[2025-05-13 05:00:01] httpd is running.
[2025-05-13 05:00:01] docker is running.
[2025-05-13 05:00:01] amazon-ssm-agent is running.
[2025-05-13 05:00:01] postfix is running.
[2025-05-13 05:00:01] crond is running.
[2025-05-13 05:00:01] auditd is running.
[2025-05-13 05:00:01] rsyslog is running.
[2025-05-14 05:00:01] sshd is running.
[2025-05-14 05:00:01] httpd is running.
[2025-05-14 05:00:01] docker is running.
[2025-05-14 05:00:01] amazon-ssm-agent is running.
[2025-05-14 05:00:01] postfix is running.
[2025-05-14 05:00:01] crond is running.
[2025-05-14 05:00:01] auditd is running.
[2025-05-14 05:00:01] rsyslog is running.
