[2025-05-08 22:28:59] Running system health check...
[2025-05-08 22:28:59] Checking disk usage...
[2025-05-08 22:28:59] OK: Disk usage on  is %.
[2025-05-08 22:28:59] OK: Disk usage on  is %.
[2025-05-08 22:28:59] OK: Disk usage on  is %.
[2025-05-08 22:28:59] OK: Disk usage on  is %.
[2025-05-08 22:28:59] OK: Disk usage on  is %.
[2025-05-08 22:28:59] OK: Disk usage on  is %.
[2025-05-08 22:28:59] Checking memory usage...
[2025-05-08 22:28:59] OK: Memory usage is 17%.
[2025-05-08 22:28:59] Checking CPU load...
[2025-05-08 22:28:59] OK: CPU load is 0.00
[2025-05-08 22:28:59] Uptime: up 3 weeks, 5 days, 6 hours, 20 minutes
[2025-05-08 22:28:59] Top 5 memory-consuming processes:
USER COMMAND %MEM%
root /usr/bin/dockerd 7.7%
root /usr/lib/systemd/systemd-journald 5.2%
root /usr/bin/containerd 4.7%
root /usr/sbin/rsyslogd 2.6%
root /usr/bin/amazon-ssm-agent 1.7%
[2025-05-08 22:28:59] Health check completed.
[2025-05-08 22:30:48] Running system health check...
[2025-05-08 22:30:48] Checking disk usage...
[2025-05-08 22:30:48] OK: Disk usage on /dev is 0%.
[2025-05-08 22:30:48] OK: Disk usage on /dev/shm is 0%.
[2025-05-08 22:30:48] OK: Disk usage on /run is 1%.
[2025-05-08 22:30:48] OK: Disk usage on /sys/fs/cgroup is 0%.
[2025-05-08 22:30:48] OK: Disk usage on / is 23%.
[2025-05-08 22:30:48] OK: Disk usage on /run/user/1000 is 0%.
[2025-05-08 22:30:48] Checking memory usage...
[2025-05-08 22:30:48] OK: Memory usage is 17%.
[2025-05-08 22:30:48] Checking CPU load...
[2025-05-08 22:30:48] OK: CPU load is 0.00
[2025-05-08 22:30:48] Uptime: up 3 weeks, 5 days, 6 hours, 22 minutes
[2025-05-08 22:30:48] Top 5 memory-consuming processes:
USER COMMAND %MEM%
root /usr/bin/dockerd 7.7%
root /usr/lib/systemd/systemd-journald 5.2%
root /usr/bin/containerd 4.7%
root /usr/sbin/rsyslogd 2.6%
root /usr/bin/amazon-ssm-agent 1.7%
[2025-05-08 22:30:48] Health check completed.
